2011/08/27 22:58:51 [error] [exception.CHttpException.404] exception 'CHttpException' with message 'Unable to resolve the request "favicon.ico".' in C:\Aks\webRoot\projects\statusmine\framework\web\CWebApplication.php:281
Stack trace:
#0 C:\Aks\webRoot\projects\statusmine\framework\web\CWebApplication.php(136): CWebApplication->runController('favicon.ico')
#1 C:\Aks\webRoot\projects\statusmine\framework\base\CApplication.php(158): CWebApplication->processRequest()
#2 C:\Aks\webRoot\projects\statusmine\public\index.php(13): CApplication->run()
#3 {main} REQUEST_URI=/favicon.ico
2011/08/27 23:29:34 [error] [exception.CHttpException.404] exception 'CHttpException' with message 'Unable to resolve the request "favicon.ico".' in C:\Aks\webRoot\projects\statusmine\framework\web\CWebApplication.php:281
Stack trace:
#0 C:\Aks\webRoot\projects\statusmine\framework\web\CWebApplication.php(136): CWebApplication->runController('favicon.ico')
#1 C:\Aks\webRoot\projects\statusmine\framework\base\CApplication.php(158): CWebApplication->processRequest()
#2 C:\Aks\webRoot\projects\statusmine\public\index.php(13): CApplication->run()
#3 {main} REQUEST_URI=/favicon.ico
2011/08/27 23:29:34 [error] [exception.CHttpException.404] exception 'CHttpException' with message 'Unable to resolve the request "favicon.ico".' in C:\Aks\webRoot\projects\statusmine\framework\web\CWebApplication.php:281
Stack trace:
#0 C:\Aks\webRoot\projects\statusmine\framework\web\CWebApplication.php(136): CWebApplication->runController('favicon.ico')
#1 C:\Aks\webRoot\projects\statusmine\framework\base\CApplication.php(158): CWebApplication->processRequest()
#2 C:\Aks\webRoot\projects\statusmine\public\index.php(13): CApplication->run()
#3 {main} REQUEST_URI=/favicon.ico
2011/08/27 23:36:37 [error] [exception.CHttpException.404] exception 'CHttpException' with message 'Unable to resolve the request "favicon.ico".' in C:\Aks\webRoot\projects\statusmine\framework\web\CWebApplication.php:281
Stack trace:
#0 C:\Aks\webRoot\projects\statusmine\framework\web\CWebApplication.php(136): CWebApplication->runController('favicon.ico')
#1 C:\Aks\webRoot\projects\statusmine\framework\base\CApplication.php(158): CWebApplication->processRequest()
#2 C:\Aks\webRoot\projects\statusmine\public\index.php(13): CApplication->run()
#3 {main} REQUEST_URI=/favicon.ico
2011/08/27 23:36:40 [error] [exception.CHttpException.404] exception 'CHttpException' with message 'Unable to resolve the request "favicon.ico".' in C:\Aks\webRoot\projects\statusmine\framework\web\CWebApplication.php:281
Stack trace:
#0 C:\Aks\webRoot\projects\statusmine\framework\web\CWebApplication.php(136): CWebApplication->runController('favicon.ico')
#1 C:\Aks\webRoot\projects\statusmine\framework\base\CApplication.php(158): CWebApplication->processRequest()
#2 C:\Aks\webRoot\projects\statusmine\public\index.php(13): CApplication->run()
#3 {main} REQUEST_URI=/favicon.ico
2011/08/28 00:40:07 [error] [exception.CHttpException.404] exception 'CHttpException' with message 'Unable to resolve the request "favicon.ico".' in C:\Aks\webRoot\projects\statusmine\framework\web\CWebApplication.php:281
Stack trace:
#0 C:\Aks\webRoot\projects\statusmine\framework\web\CWebApplication.php(136): CWebApplication->runController('favicon.ico')
#1 C:\Aks\webRoot\projects\statusmine\framework\base\CApplication.php(158): CWebApplication->processRequest()
#2 C:\Aks\webRoot\projects\statusmine\public\index.php(13): CApplication->run()
#3 {main} REQUEST_URI=/favicon.ico
2011/08/28 00:40:08 [error] [exception.CHttpException.404] exception 'CHttpException' with message 'Unable to resolve the request "favicon.ico".' in C:\Aks\webRoot\projects\statusmine\framework\web\CWebApplication.php:281
Stack trace:
#0 C:\Aks\webRoot\projects\statusmine\framework\web\CWebApplication.php(136): CWebApplication->runController('favicon.ico')
#1 C:\Aks\webRoot\projects\statusmine\framework\base\CApplication.php(158): CWebApplication->processRequest()
#2 C:\Aks\webRoot\projects\statusmine\public\index.php(13): CApplication->run()
#3 {main} REQUEST_URI=/favicon.ico
2011/08/28 00:43:45 [error] [exception.CHttpException.404] exception 'CHttpException' with message 'Unable to resolve the request "favicon.ico".' in C:\Aks\webRoot\projects\statusmine\framework\web\CWebApplication.php:281
Stack trace:
#0 C:\Aks\webRoot\projects\statusmine\framework\web\CWebApplication.php(136): CWebApplication->runController('favicon.ico')
#1 C:\Aks\webRoot\projects\statusmine\framework\base\CApplication.php(158): CWebApplication->processRequest()
#2 C:\Aks\webRoot\projects\statusmine\public\index.php(13): CApplication->run()
#3 {main} REQUEST_URI=/favicon.ico
2011/08/28 00:43:46 [error] [exception.CHttpException.404] exception 'CHttpException' with message 'Unable to resolve the request "favicon.ico".' in C:\Aks\webRoot\projects\statusmine\framework\web\CWebApplication.php:281
Stack trace:
#0 C:\Aks\webRoot\projects\statusmine\framework\web\CWebApplication.php(136): CWebApplication->runController('favicon.ico')
#1 C:\Aks\webRoot\projects\statusmine\framework\base\CApplication.php(158): CWebApplication->processRequest()
#2 C:\Aks\webRoot\projects\statusmine\public\index.php(13): CApplication->run()
#3 {main} REQUEST_URI=/favicon.ico
2011/08/28 00:45:35 [error] [exception.CHttpException.404] exception 'CHttpException' with message 'Unable to resolve the request "favicon.ico".' in C:\Aks\webRoot\projects\statusmine\framework\web\CWebApplication.php:281
Stack trace:
#0 C:\Aks\webRoot\projects\statusmine\framework\web\CWebApplication.php(136): CWebApplication->runController('favicon.ico')
#1 C:\Aks\webRoot\projects\statusmine\framework\base\CApplication.php(158): CWebApplication->processRequest()
#2 C:\Aks\webRoot\projects\statusmine\public\index.php(13): CApplication->run()
#3 {main} REQUEST_URI=/favicon.ico
2011/08/28 00:45:35 [error] [exception.CHttpException.404] exception 'CHttpException' with message 'Unable to resolve the request "favicon.ico".' in C:\Aks\webRoot\projects\statusmine\framework\web\CWebApplication.php:281
Stack trace:
#0 C:\Aks\webRoot\projects\statusmine\framework\web\CWebApplication.php(136): CWebApplication->runController('favicon.ico')
#1 C:\Aks\webRoot\projects\statusmine\framework\base\CApplication.php(158): CWebApplication->processRequest()
#2 C:\Aks\webRoot\projects\statusmine\public\index.php(13): CApplication->run()
#3 {main} REQUEST_URI=/favicon.ico
2011/08/28 00:45:37 [error] [exception.CHttpException.404] exception 'CHttpException' with message 'Unable to resolve the request "favicon.ico".' in C:\Aks\webRoot\projects\statusmine\framework\web\CWebApplication.php:281
Stack trace:
#0 C:\Aks\webRoot\projects\statusmine\framework\web\CWebApplication.php(136): CWebApplication->runController('favicon.ico')
#1 C:\Aks\webRoot\projects\statusmine\framework\base\CApplication.php(158): CWebApplication->processRequest()
#2 C:\Aks\webRoot\projects\statusmine\public\index.php(13): CApplication->run()
#3 {main} REQUEST_URI=/favicon.ico
2011/08/28 00:45:37 [error] [exception.CHttpException.404] exception 'CHttpException' with message 'Unable to resolve the request "favicon.ico".' in C:\Aks\webRoot\projects\statusmine\framework\web\CWebApplication.php:281
Stack trace:
#0 C:\Aks\webRoot\projects\statusmine\framework\web\CWebApplication.php(136): CWebApplication->runController('favicon.ico')
#1 C:\Aks\webRoot\projects\statusmine\framework\base\CApplication.php(158): CWebApplication->processRequest()
#2 C:\Aks\webRoot\projects\statusmine\public\index.php(13): CApplication->run()
#3 {main} REQUEST_URI=/favicon.ico
2011/08/28 00:49:34 [error] [exception.CHttpException.404] exception 'CHttpException' with message 'Unable to resolve the request "favicon.ico".' in C:\Aks\webRoot\projects\statusmine\framework\web\CWebApplication.php:281
Stack trace:
#0 C:\Aks\webRoot\projects\statusmine\framework\web\CWebApplication.php(136): CWebApplication->runController('favicon.ico')
#1 C:\Aks\webRoot\projects\statusmine\framework\base\CApplication.php(158): CWebApplication->processRequest()
#2 C:\Aks\webRoot\projects\statusmine\public\index.php(13): CApplication->run()
#3 {main} REQUEST_URI=/favicon.ico
2011/08/28 00:49:42 [error] [exception.CHttpException.404] exception 'CHttpException' with message 'Unable to resolve the request "favicon.ico".' in C:\Aks\webRoot\projects\statusmine\framework\web\CWebApplication.php:281
Stack trace:
#0 C:\Aks\webRoot\projects\statusmine\framework\web\CWebApplication.php(136): CWebApplication->runController('favicon.ico')
#1 C:\Aks\webRoot\projects\statusmine\framework\base\CApplication.php(158): CWebApplication->processRequest()
#2 C:\Aks\webRoot\projects\statusmine\public\index.php(13): CApplication->run()
#3 {main} REQUEST_URI=/favicon.ico
